# JRE version: OpenJDK Runtime Environment (11.0.10) (build 11.0.10+0-b96-7249189)
# Java VM: OpenJDK 64-Bit Server VM (11.0.10+0-b96-7249189, mixed mode, tiered, compressed oops, g1 gc, windows-amd64)
Heap:
 garbage-first heap   total 260096K, used 58825K [0x0000000080000000, 0x0000000100000000)
  region size 1024K, 43 young (44032K), 2 survivors (2048K)
 Metaspace       used 28131K, capacity 28807K, committed 29056K, reserved 1075200K
  class space    used 3719K, capacity 3965K, committed 3968K, reserved 1048576K
GC Heap History (6 events):
Event: 0.653 GC heap before
{Heap before GC invocations=0 (full 0):
 garbage-first heap   total 260096K, used 29696K [0x0000000080000000, 0x0000000100000000)
  region size 1024K, 24 young (24576K), 0 survivors (0K)
 Metaspace       used 10211K, capacity 10467K, committed 10624K, reserved 1058816K
  class space    used 1059K, capacity 1106K, committed 1152K, reserved 1048576K
}
Event: 0.657 GC heap after
{Heap after GC invocations=1 (full 0):
 garbage-first heap   total 260096K, used 9418K [0x0000000080000000, 0x0000000100000000)
  region size 1024K, 3 young (3072K), 3 survivors (3072K)
 Metaspace       used 10211K, capacity 10467K, committed 10624K, reserved 1058816K
  class space    used 1059K, capacity 1106K, committed 1152K, reserved 1048576K
}
Event: 3.011 GC heap before
{Heap before GC invocations=1 (full 0):
 garbage-first heap   total 260096K, used 106698K [0x0000000080000000, 0x0000000100000000)
  region size 1024K, 99 young (101376K), 3 survivors (3072K)
 Metaspace       used 20602K, capacity 21104K, committed 21248K, reserved 1067008K
  class space    used 2499K, capacity 2690K, committed 2816K, reserved 1048576K
}
Event: 3.019 GC heap after
{Heap after GC invocations=2 (full 0):
 garbage-first heap   total 260096K, used 16619K [0x0000000080000000, 0x0000000100000000)
  region size 1024K, 11 young (11264K), 11 survivors (11264K)
 Metaspace       used 20602K, capacity 21104K, committed 21248K, reserved 1067008K
  class space    used 2499K, capacity 2690K, committed 2816K, reserved 1048576K
}
Event: 3.500 GC heap before
{Heap before GC invocations=3 (full 0):
 garbage-first heap   total 260096K, used 54507K [0x0000000080000000, 0x0000000100000000)
  region size 1024K, 48 young (49152K), 11 survivors (11264K)
 Metaspace       used 24317K, capacity 24966K, committed 25088K, reserved 1071104K
  class space    used 3113K, capacity 3321K, committed 3328K, reserved 1048576K
}
Event: 3.505 GC heap after
{Heap after GC invocations=4 (full 0):
 garbage-first heap   total 260096K, used 17865K [0x0000000080000000, 0x0000000100000000)
  region size 1024K, 2 young (2048K), 2 survivors (2048K)
 Metaspace       used 24317K, capacity 24966K, committed 25088K, reserved 1071104K
  class space    used 3113K, capacity 3321K, committed 3328K, reserved 1048576K
}

